[debug] [2024-11-13T05:36:32.841Z] ----------------------------------------------------------------------
[debug] [2024-11-13T05:36:32.842Z] Command:       /home/bacancy/.nvm/versions/node/v20.15.1/bin/node /home/bacancy/.nvm/versions/node/v20.15.1/bin/firebase init
[debug] [2024-11-13T05:36:32.842Z] CLI Version:   13.24.0
[debug] [2024-11-13T05:36:32.843Z] Platform:      linux
[debug] [2024-11-13T05:36:32.843Z] Node Version:  v20.15.1
[debug] [2024-11-13T05:36:32.843Z] Time:          Wed Nov 13 2024 11:06:32 GMT+0530 (India Standard Time)
[debug] [2024-11-13T05:36:32.843Z] ----------------------------------------------------------------------
[debug] 
[debug] [2024-11-13T05:36:32.844Z] >>> [apiv2][query] GET https://firebase-public.firebaseio.com/cli.json [none]
[debug] [2024-11-13T05:36:32.921Z] Object "" in "firebase.json" has unknown property: {"additionalProperty":"apiKey"}
[debug] [2024-11-13T05:36:32.924Z] > command requires scopes: ["email","openid","https://www.googleapis.com/auth/cloudplatformprojects.readonly","https://www.googleapis.com/auth/firebase","https://www.googleapis.com/auth/cloud-platform"]
[debug] [2024-11-13T05:36:32.924Z] > authorizing via signed-in user (bhushan.zade@bacancy.com)
[debug] [2024-11-13T05:36:32.925Z] Object "" in "firebase.json" has unknown property: {"additionalProperty":"apiKey"}
[info] 
     ######## #### ########  ######## ########     ###     ######  ########
     ##        ##  ##     ## ##       ##     ##  ##   ##  ##       ##
     ######    ##  ########  ######   ########  #########  ######  ######
     ##        ##  ##    ##  ##       ##     ## ##     ##       ## ##
     ##       #### ##     ## ######## ########  ##     ##  ######  ########

You're about to initialize a Firebase project in this directory:

  /home/bacancy/Angular/tut3

Before we get started, keep in mind:

  * You are initializing within an existing Firebase project directory

[debug] [2024-11-13T05:36:33.600Z] <<< [apiv2][status] GET https://firebase-public.firebaseio.com/cli.json 200
[debug] [2024-11-13T05:36:33.601Z] <<< [apiv2][body] GET https://firebase-public.firebaseio.com/cli.json {"cloudBuildErrorAfter":1594252800000,"cloudBuildWarnAfter":1590019200000,"defaultNode10After":1594252800000,"minVersion":"3.0.5","node8DeploysDisabledAfter":1613390400000,"node8RuntimeDisabledAfter":1615809600000,"node8WarnAfter":1600128000000}
[info] 
=== Project Setup
[info] 
[info] First, let's associate this project directory with a Firebase project.
[info] You can create multiple project aliases by running firebase use --add, 
[info] but for now we'll just set up a default project.
[info] 
[debug] [2024-11-13T05:36:48.979Z] Checked if tokens are valid: false, expires at: 1705498508684
[debug] [2024-11-13T05:36:48.980Z] Checked if tokens are valid: false, expires at: 1705498508684
[debug] [2024-11-13T05:36:48.980Z] > refreshing access token with scopes: []
[debug] [2024-11-13T05:36:48.981Z] >>> [apiv2][query] POST https://www.googleapis.com/oauth2/v3/token [none]
[debug] [2024-11-13T05:36:48.981Z] >>> [apiv2][body] POST https://www.googleapis.com/oauth2/v3/token [omitted]
[debug] [2024-11-13T05:36:49.341Z] <<< [apiv2][status] POST https://www.googleapis.com/oauth2/v3/token 400
[debug] [2024-11-13T05:36:49.341Z] <<< [apiv2][body] POST https://www.googleapis.com/oauth2/v3/token [omitted]
[debug] [2024-11-13T05:36:49.343Z] >>> [apiv2][query] GET https://firebase.googleapis.com/v1beta1/projects pageSize=100
[debug] [2024-11-13T05:36:49.861Z] <<< [apiv2][status] GET https://firebase.googleapis.com/v1beta1/projects 401
[debug] [2024-11-13T05:36:49.861Z] <<< [apiv2][body] GET https://firebase.googleapis.com/v1beta1/projects [omitted]
[debug] [2024-11-13T05:36:49.861Z] Got a 401 Unauthenticated error for a call that required authentication. Refreshing tokens.
[debug] [2024-11-13T05:36:49.862Z] Checked if tokens are valid: false, expires at: 1705498508684
[debug] [2024-11-13T05:36:49.862Z] Checked if tokens are valid: false, expires at: 1705498508684
[debug] [2024-11-13T05:36:49.862Z] > refreshing access token with scopes: []
[debug] [2024-11-13T05:36:49.863Z] >>> [apiv2][query] POST https://www.googleapis.com/oauth2/v3/token [none]
[debug] [2024-11-13T05:36:49.863Z] >>> [apiv2][body] POST https://www.googleapis.com/oauth2/v3/token [omitted]
[debug] [2024-11-13T05:36:49.973Z] <<< [apiv2][status] POST https://www.googleapis.com/oauth2/v3/token 400
[debug] [2024-11-13T05:36:49.973Z] <<< [apiv2][body] POST https://www.googleapis.com/oauth2/v3/token [omitted]
[debug] [2024-11-13T05:36:49.974Z] Request to https://firebase.googleapis.com/v1beta1/projects?pageSize=100 had HTTP Error: 401, Request had invalid authentication credentials. Expected OAuth 2 access token, login cookie or other valid authentication credential. See https://developers.google.com/identity/sign-in/web/devconsole-project.
[debug] [2024-11-13T05:36:50.292Z] FirebaseError: Request to https://firebase.googleapis.com/v1beta1/projects?pageSize=100 had HTTP Error: 401, Request had invalid authentication credentials. Expected OAuth 2 access token, login cookie or other valid authentication credential. See https://developers.google.com/identity/sign-in/web/devconsole-project.
    at responseToError (/home/bacancy/.nvm/versions/node/v20.15.1/lib/node_modules/firebase-tools/lib/responseToError.js:52:12)
    at RetryOperation._fn (/home/bacancy/.nvm/versions/node/v20.15.1/lib/node_modules/firebase-tools/lib/apiv2.js:312:77)
    at process.processTicksAndRejections (node:internal/process/task_queues:95:5)
[error] 
[error] Error: Failed to list Firebase projects. See firebase-debug.log for more info.
